app/build/intermediates/manifest_merge_blame_file/debug/manifest-merger-blame-debug-report.txt
1<?xml version="1.0" encoding="utf-8"?>
2<manifest xmlns:android="http://schemas.android.com/apk/res/android"
3    package="com.goldcompany.apps.koreabike"
4    android:versionCode="11"
5    android:versionName="1.9.2" >
6
7    <uses-sdk
8        android:minSdkVersion="23"
8-->src/main/AndroidManifest.xml
9        android:targetSdkVersion="30" />
9-->src/main/AndroidManifest.xml
10
11    <uses-permission android:name="android.permission.INTERNET" />
11-->src/main/AndroidManifest.xml:5:5-67
11-->src/main/AndroidManifest.xml:5:22-64
12    <uses-permission android:name="android.permission.ACCESS_FINE_LOCATION" />
12-->src/main/AndroidManifest.xml:6:5-79
12-->src/main/AndroidManifest.xml:6:22-76
13
14    <uses-feature
14-->[com.naver.maps:map-sdk:3.13.0] AndroidManifest.xml:9:5-11:35
15        android:glEsVersion="0x00020000"
15-->[com.naver.maps:map-sdk:3.13.0] AndroidManifest.xml:10:9-41
16        android:required="true" />
16-->[com.naver.maps:map-sdk:3.13.0] AndroidManifest.xml:11:9-32
17    <uses-feature
17-->[com.naver.maps:map-sdk:3.13.0] AndroidManifest.xml:12:5-14:36
18        android:name="android.hardware.wifi"
18-->[com.naver.maps:map-sdk:3.13.0] AndroidManifest.xml:13:9-45
19        android:required="false" />
19-->[com.naver.maps:map-sdk:3.13.0] AndroidManifest.xml:14:9-33
20
21    <uses-permission android:name="android.permission.ACCESS_NETWORK_STATE" />
21-->[com.naver.maps:map-sdk:3.13.0] AndroidManifest.xml:17:5-79
21-->[com.naver.maps:map-sdk:3.13.0] AndroidManifest.xml:17:22-76
22    <uses-permission android:name="android.permission.ACCESS_WIFI_STATE" /> <!-- Android package visibility setting -->
22-->[com.naver.maps:map-sdk:3.13.0] AndroidManifest.xml:18:5-76
22-->[com.naver.maps:map-sdk:3.13.0] AndroidManifest.xml:18:22-73
23    <queries>
23-->[com.google.android.gms:play-services-ads-lite:20.0.0] AndroidManifest.xml:27:5-43:15
24
25        <!-- For browser content -->
26        <intent>
26-->[com.google.android.gms:play-services-ads-lite:20.0.0] AndroidManifest.xml:30:9-36:18
27            <action android:name="android.intent.action.VIEW" />
27-->[com.google.android.gms:play-services-ads-lite:20.0.0] AndroidManifest.xml:31:13-65
27-->[com.google.android.gms:play-services-ads-lite:20.0.0] AndroidManifest.xml:31:21-62
28
29            <category android:name="android.intent.category.BROWSABLE" />
29-->[com.google.android.gms:play-services-ads-lite:20.0.0] AndroidManifest.xml:33:13-74
29-->[com.google.android.gms:play-services-ads-lite:20.0.0] AndroidManifest.xml:33:23-71
30
31            <data android:scheme="https" />
31-->[com.google.android.gms:play-services-ads-lite:20.0.0] AndroidManifest.xml:35:13-44
31-->[com.google.android.gms:play-services-ads-lite:20.0.0] AndroidManifest.xml:35:19-41
32        </intent>
33        <!-- End of browser content -->
34        <!-- For CustomTabsService -->
35        <intent>
35-->[com.google.android.gms:play-services-ads-lite:20.0.0] AndroidManifest.xml:39:9-41:18
36            <action android:name="android.support.customtabs.action.CustomTabsService" />
36-->[com.google.android.gms:play-services-ads-lite:20.0.0] AndroidManifest.xml:40:13-90
36-->[com.google.android.gms:play-services-ads-lite:20.0.0] AndroidManifest.xml:40:21-87
37        </intent>
38        <!-- End of CustomTabsService -->
39    </queries>
40
41    <uses-permission android:name="android.permission.WAKE_LOCK" />
41-->[androidx.work:work-runtime:2.1.0] AndroidManifest.xml:25:5-68
41-->[androidx.work:work-runtime:2.1.0] AndroidManifest.xml:25:22-65
42    <uses-permission android:name="android.permission.RECEIVE_BOOT_COMPLETED" />
42-->[androidx.work:work-runtime:2.1.0] AndroidManifest.xml:27:5-81
42-->[androidx.work:work-runtime:2.1.0] AndroidManifest.xml:27:22-78
43
44    <application
44-->src/main/AndroidManifest.xml:8:5-34:19
45        android:name="com.goldcompany.apps.koreabike.KBikeApplication"
45-->src/main/AndroidManifest.xml:16:9-41
46        android:allowBackup="true"
46-->src/main/AndroidManifest.xml:9:9-35
47        android:appComponentFactory="androidx.core.app.CoreComponentFactory"
47-->[androidx.core:core:1.3.2] AndroidManifest.xml:24:18-86
48        android:debuggable="true"
49        android:extractNativeLibs="false"
50        android:icon="@mipmap/ic_launcher"
50-->src/main/AndroidManifest.xml:10:9-43
51        android:label="@string/app_name"
51-->src/main/AndroidManifest.xml:11:9-41
52        android:roundIcon="@mipmap/ic_launcher_round"
52-->src/main/AndroidManifest.xml:12:9-54
53        android:supportsRtl="true"
53-->src/main/AndroidManifest.xml:13:9-35
54        android:theme="@style/AppTheme"
54-->src/main/AndroidManifest.xml:14:9-40
55        android:usesCleartextTraffic="true" >
55-->src/main/AndroidManifest.xml:15:9-44
56        <activity
56-->src/main/AndroidManifest.xml:17:9-24:20
57            android:name="com.goldcompany.apps.koreabike.MainActivity"
57-->src/main/AndroidManifest.xml:17:19-46
58            android:screenOrientation="portrait"
58-->src/main/AndroidManifest.xml:19:13-49
59            android:theme="@style/SplashTheme" >
59-->src/main/AndroidManifest.xml:18:13-47
60            <intent-filter>
60-->src/main/AndroidManifest.xml:20:13-23:29
61                <action android:name="android.intent.action.MAIN" />
61-->src/main/AndroidManifest.xml:21:17-69
61-->src/main/AndroidManifest.xml:21:25-66
62
63                <category android:name="android.intent.category.LAUNCHER" />
63-->src/main/AndroidManifest.xml:22:17-77
63-->src/main/AndroidManifest.xml:22:27-74
64            </intent-filter>
65        </activity>
66
67        <meta-data
67-->src/main/AndroidManifest.xml:26:9-28:69
68            android:name="com.google.android.gms.ads.APPLICATION_ID"
68-->src/main/AndroidManifest.xml:27:13-69
69            android:value="ca-app-pub-7722749686662698~6319817377" />
69-->src/main/AndroidManifest.xml:28:13-67
70        <meta-data
70-->src/main/AndroidManifest.xml:30:9-32:42
71            android:name="com.naver.maps.map.CLIENT_ID"
71-->src/main/AndroidManifest.xml:31:13-56
72            android:value="fe7iwsbkl5" />
72-->src/main/AndroidManifest.xml:32:13-39
73
74        <activity
74-->[com.naver.maps:map-sdk:3.13.0] AndroidManifest.xml:21:9-25:51
75            android:name="com.naver.maps.map.app.LegendActivity"
75-->[com.naver.maps:map-sdk:3.13.0] AndroidManifest.xml:22:13-65
76            android:configChanges="screenSize|smallestScreenSize|screenLayout|orientation"
76-->[com.naver.maps:map-sdk:3.13.0] AndroidManifest.xml:23:13-91
77            android:label="@string/navermap_legend"
77-->[com.naver.maps:map-sdk:3.13.0] AndroidManifest.xml:24:13-52
78            android:theme="@style/navermap_app" />
78-->[com.naver.maps:map-sdk:3.13.0] AndroidManifest.xml:25:13-48
79        <activity
79-->[com.naver.maps:map-sdk:3.13.0] AndroidManifest.xml:26:9-30:51
80            android:name="com.naver.maps.map.app.LegalNoticeActivity"
80-->[com.naver.maps:map-sdk:3.13.0] AndroidManifest.xml:27:13-70
81            android:configChanges="screenSize|smallestScreenSize|screenLayout|orientation"
81-->[com.naver.maps:map-sdk:3.13.0] AndroidManifest.xml:28:13-91
82            android:label="@string/navermap_legal_notice"
82-->[com.naver.maps:map-sdk:3.13.0] AndroidManifest.xml:29:13-58
83            android:theme="@style/navermap_app" />
83-->[com.naver.maps:map-sdk:3.13.0] AndroidManifest.xml:30:13-48
84        <activity
84-->[com.naver.maps:map-sdk:3.13.0] AndroidManifest.xml:31:9-35:51
85            android:name="com.naver.maps.map.app.OpenSourceLicenseActivity"
85-->[com.naver.maps:map-sdk:3.13.0] AndroidManifest.xml:32:13-76
86            android:configChanges="screenSize|smallestScreenSize|screenLayout|orientation"
86-->[com.naver.maps:map-sdk:3.13.0] AndroidManifest.xml:33:13-91
87            android:label="@string/navermap_open_source_license"
87-->[com.naver.maps:map-sdk:3.13.0] AndroidManifest.xml:34:13-65
88            android:theme="@style/navermap_app" /> <!-- Include the AdActivity and InAppPurchaseActivity configChanges and themes. -->
88-->[com.naver.maps:map-sdk:3.13.0] AndroidManifest.xml:35:13-48
89        <activity
89-->[com.google.android.gms:play-services-ads-lite:20.0.0] AndroidManifest.xml:48:9-52:64
90            android:name="com.google.android.gms.ads.AdActivity"
90-->[com.google.android.gms:play-services-ads-lite:20.0.0] AndroidManifest.xml:49:13-65
91            android:configChanges="keyboard|keyboardHidden|orientation|screenLayout|uiMode|screenSize|smallestScreenSize"
91-->[com.google.android.gms:play-services-ads-lite:20.0.0] AndroidManifest.xml:50:13-122
92            android:exported="false"
92-->[com.google.android.gms:play-services-ads-lite:20.0.0] AndroidManifest.xml:51:13-37
93            android:theme="@android:style/Theme.Translucent" />
93-->[com.google.android.gms:play-services-ads-lite:20.0.0] AndroidManifest.xml:52:13-61
94
95        <provider
95-->[com.google.android.gms:play-services-ads-lite:20.0.0] AndroidManifest.xml:54:9-58:39
96            android:name="com.google.android.gms.ads.MobileAdsInitProvider"
96-->[com.google.android.gms:play-services-ads-lite:20.0.0] AndroidManifest.xml:55:13-76
97            android:authorities="com.goldcompany.apps.koreabike.mobileadsinitprovider"
97-->[com.google.android.gms:play-services-ads-lite:20.0.0] AndroidManifest.xml:56:13-73
98            android:exported="false"
98-->[com.google.android.gms:play-services-ads-lite:20.0.0] AndroidManifest.xml:57:13-37
99            android:initOrder="100" />
99-->[com.google.android.gms:play-services-ads-lite:20.0.0] AndroidManifest.xml:58:13-36
100
101        <service
101-->[com.google.android.gms:play-services-ads-lite:20.0.0] AndroidManifest.xml:60:9-63:40
102            android:name="com.google.android.gms.ads.AdService"
102-->[com.google.android.gms:play-services-ads-lite:20.0.0] AndroidManifest.xml:61:13-64
103            android:enabled="true"
103-->[com.google.android.gms:play-services-ads-lite:20.0.0] AndroidManifest.xml:62:13-35
104            android:exported="false" />
104-->[com.google.android.gms:play-services-ads-lite:20.0.0] AndroidManifest.xml:63:13-37
105
106        <provider
106-->[androidx.work:work-runtime:2.1.0] AndroidManifest.xml:30:9-36:35
107            android:name="androidx.work.impl.WorkManagerInitializer"
107-->[androidx.work:work-runtime:2.1.0] AndroidManifest.xml:31:13-69
108            android:authorities="com.goldcompany.apps.koreabike.workmanager-init"
108-->[androidx.work:work-runtime:2.1.0] AndroidManifest.xml:32:13-68
109            android:directBootAware="false"
109-->[androidx.work:work-runtime:2.1.0] AndroidManifest.xml:33:13-44
110            android:exported="false"
110-->[androidx.work:work-runtime:2.1.0] AndroidManifest.xml:34:13-37
111            android:multiprocess="true" />
111-->[androidx.work:work-runtime:2.1.0] AndroidManifest.xml:35:13-40
112
113        <service
113-->[androidx.work:work-runtime:2.1.0] AndroidManifest.xml:38:9-43:35
114            android:name="androidx.work.impl.background.systemalarm.SystemAlarmService"
114-->[androidx.work:work-runtime:2.1.0] AndroidManifest.xml:39:13-88
115            android:directBootAware="false"
115-->[androidx.work:work-runtime:2.1.0] AndroidManifest.xml:40:13-44
116            android:enabled="@bool/enable_system_alarm_service_default"
116-->[androidx.work:work-runtime:2.1.0] AndroidManifest.xml:41:13-72
117            android:exported="false" />
117-->[androidx.work:work-runtime:2.1.0] AndroidManifest.xml:42:13-37
118        <service
118-->[androidx.work:work-runtime:2.1.0] AndroidManifest.xml:44:9-50:35
119            android:name="androidx.work.impl.background.systemjob.SystemJobService"
119-->[androidx.work:work-runtime:2.1.0] AndroidManifest.xml:45:13-84
120            android:directBootAware="false"
120-->[androidx.work:work-runtime:2.1.0] AndroidManifest.xml:46:13-44
121            android:enabled="@bool/enable_system_job_service_default"
121-->[androidx.work:work-runtime:2.1.0] AndroidManifest.xml:47:13-70
122            android:exported="true"
122-->[androidx.work:work-runtime:2.1.0] AndroidManifest.xml:48:13-36
123            android:permission="android.permission.BIND_JOB_SERVICE" />
123-->[androidx.work:work-runtime:2.1.0] AndroidManifest.xml:49:13-69
124
125        <receiver
125-->[androidx.work:work-runtime:2.1.0] AndroidManifest.xml:52:9-57:35
126            android:name="androidx.work.impl.utils.ForceStopRunnable$BroadcastReceiver"
126-->[androidx.work:work-runtime:2.1.0] AndroidManifest.xml:53:13-88
127            android:directBootAware="false"
127-->[androidx.work:work-runtime:2.1.0] AndroidManifest.xml:54:13-44
128            android:enabled="true"
128-->[androidx.work:work-runtime:2.1.0] AndroidManifest.xml:55:13-35
129            android:exported="false" />
129-->[androidx.work:work-runtime:2.1.0] AndroidManifest.xml:56:13-37
130        <receiver
130-->[androidx.work:work-runtime:2.1.0] AndroidManifest.xml:58:9-68:20
131            android:name="androidx.work.impl.background.systemalarm.ConstraintProxy$BatteryChargingProxy"
131-->[androidx.work:work-runtime:2.1.0] AndroidManifest.xml:59:13-106
132            android:directBootAware="false"
132-->[androidx.work:work-runtime:2.1.0] AndroidManifest.xml:60:13-44
133            android:enabled="false"
133-->[androidx.work:work-runtime:2.1.0] AndroidManifest.xml:61:13-36
134            android:exported="false" >
134-->[androidx.work:work-runtime:2.1.0] AndroidManifest.xml:62:13-37
135            <intent-filter>
135-->[androidx.work:work-runtime:2.1.0] AndroidManifest.xml:64:13-67:29
136                <action android:name="android.intent.action.ACTION_POWER_CONNECTED" />
136-->[androidx.work:work-runtime:2.1.0] AndroidManifest.xml:65:17-87
136-->[androidx.work:work-runtime:2.1.0] AndroidManifest.xml:65:25-84
137                <action android:name="android.intent.action.ACTION_POWER_DISCONNECTED" />
137-->[androidx.work:work-runtime:2.1.0] AndroidManifest.xml:66:17-90
137-->[androidx.work:work-runtime:2.1.0] AndroidManifest.xml:66:25-87
138            </intent-filter>
139        </receiver>
140        <receiver
140-->[androidx.work:work-runtime:2.1.0] AndroidManifest.xml:69:9-79:20
141            android:name="androidx.work.impl.background.systemalarm.ConstraintProxy$BatteryNotLowProxy"
141-->[androidx.work:work-runtime:2.1.0] AndroidManifest.xml:70:13-104
142            android:directBootAware="false"
142-->[androidx.work:work-runtime:2.1.0] AndroidManifest.xml:71:13-44
143            android:enabled="false"
143-->[androidx.work:work-runtime:2.1.0] AndroidManifest.xml:72:13-36
144            android:exported="false" >
144-->[androidx.work:work-runtime:2.1.0] AndroidManifest.xml:73:13-37
145            <intent-filter>
145-->[androidx.work:work-runtime:2.1.0] AndroidManifest.xml:75:13-78:29
146                <action android:name="android.intent.action.BATTERY_OKAY" />
146-->[androidx.work:work-runtime:2.1.0] AndroidManifest.xml:76:17-77
146-->[androidx.work:work-runtime:2.1.0] AndroidManifest.xml:76:25-74
147                <action android:name="android.intent.action.BATTERY_LOW" />
147-->[androidx.work:work-runtime:2.1.0] AndroidManifest.xml:77:17-76
147-->[androidx.work:work-runtime:2.1.0] AndroidManifest.xml:77:25-73
148            </intent-filter>
149        </receiver>
150        <receiver
150-->[androidx.work:work-runtime:2.1.0] AndroidManifest.xml:80:9-90:20
151            android:name="androidx.work.impl.background.systemalarm.ConstraintProxy$StorageNotLowProxy"
151-->[androidx.work:work-runtime:2.1.0] AndroidManifest.xml:81:13-104
152            android:directBootAware="false"
152-->[androidx.work:work-runtime:2.1.0] AndroidManifest.xml:82:13-44
153            android:enabled="false"
153-->[androidx.work:work-runtime:2.1.0] AndroidManifest.xml:83:13-36
154            android:exported="false" >
154-->[androidx.work:work-runtime:2.1.0] AndroidManifest.xml:84:13-37
155            <intent-filter>
155-->[androidx.work:work-runtime:2.1.0] AndroidManifest.xml:86:13-89:29
156                <action android:name="android.intent.action.DEVICE_STORAGE_LOW" />
156-->[androidx.work:work-runtime:2.1.0] AndroidManifest.xml:87:17-83
156-->[androidx.work:work-runtime:2.1.0] AndroidManifest.xml:87:25-80
157                <action android:name="android.intent.action.DEVICE_STORAGE_OK" />
157-->[androidx.work:work-runtime:2.1.0] AndroidManifest.xml:88:17-82
157-->[androidx.work:work-runtime:2.1.0] AndroidManifest.xml:88:25-79
158            </intent-filter>
159        </receiver>
160        <receiver
160-->[androidx.work:work-runtime:2.1.0] AndroidManifest.xml:91:9-100:20
161            android:name="androidx.work.impl.background.systemalarm.ConstraintProxy$NetworkStateProxy"
161-->[androidx.work:work-runtime:2.1.0] AndroidManifest.xml:92:13-103
162            android:directBootAware="false"
162-->[androidx.work:work-runtime:2.1.0] AndroidManifest.xml:93:13-44
163            android:enabled="false"
163-->[androidx.work:work-runtime:2.1.0] AndroidManifest.xml:94:13-36
164            android:exported="false" >
164-->[androidx.work:work-runtime:2.1.0] AndroidManifest.xml:95:13-37
165            <intent-filter>
165-->[androidx.work:work-runtime:2.1.0] AndroidManifest.xml:97:13-99:29
166                <action android:name="android.net.conn.CONNECTIVITY_CHANGE" />
166-->[androidx.work:work-runtime:2.1.0] AndroidManifest.xml:98:17-79
166-->[androidx.work:work-runtime:2.1.0] AndroidManifest.xml:98:25-76
167            </intent-filter>
168        </receiver>
169        <receiver
169-->[androidx.work:work-runtime:2.1.0] AndroidManifest.xml:101:9-112:20
170            android:name="androidx.work.impl.background.systemalarm.RescheduleReceiver"
170-->[androidx.work:work-runtime:2.1.0] AndroidManifest.xml:102:13-88
171            android:directBootAware="false"
171-->[androidx.work:work-runtime:2.1.0] AndroidManifest.xml:103:13-44
172            android:enabled="false"
172-->[androidx.work:work-runtime:2.1.0] AndroidManifest.xml:104:13-36
173            android:exported="false" >
173-->[androidx.work:work-runtime:2.1.0] AndroidManifest.xml:105:13-37
174            <intent-filter>
174-->[androidx.work:work-runtime:2.1.0] AndroidManifest.xml:107:13-111:29
175                <action android:name="android.intent.action.BOOT_COMPLETED" />
175-->[androidx.work:work-runtime:2.1.0] AndroidManifest.xml:108:17-79
175-->[androidx.work:work-runtime:2.1.0] AndroidManifest.xml:108:25-76
176                <action android:name="android.intent.action.TIME_SET" />
176-->[androidx.work:work-runtime:2.1.0] AndroidManifest.xml:109:17-73
176-->[androidx.work:work-runtime:2.1.0] AndroidManifest.xml:109:25-70
177                <action android:name="android.intent.action.TIMEZONE_CHANGED" />
177-->[androidx.work:work-runtime:2.1.0] AndroidManifest.xml:110:17-81
177-->[androidx.work:work-runtime:2.1.0] AndroidManifest.xml:110:25-78
178            </intent-filter>
179        </receiver>
180        <receiver
180-->[androidx.work:work-runtime:2.1.0] AndroidManifest.xml:113:9-122:20
181            android:name="androidx.work.impl.background.systemalarm.ConstraintProxyUpdateReceiver"
181-->[androidx.work:work-runtime:2.1.0] AndroidManifest.xml:114:13-99
182            android:directBootAware="false"
182-->[androidx.work:work-runtime:2.1.0] AndroidManifest.xml:115:13-44
183            android:enabled="@bool/enable_system_alarm_service_default"
183-->[androidx.work:work-runtime:2.1.0] AndroidManifest.xml:116:13-72
184            android:exported="false" >
184-->[androidx.work:work-runtime:2.1.0] AndroidManifest.xml:117:13-37
185            <intent-filter>
185-->[androidx.work:work-runtime:2.1.0] AndroidManifest.xml:119:13-121:29
186                <action android:name="androidx.work.impl.background.systemalarm.UpdateProxies" />
186-->[androidx.work:work-runtime:2.1.0] AndroidManifest.xml:120:17-98
186-->[androidx.work:work-runtime:2.1.0] AndroidManifest.xml:120:25-95
187            </intent-filter>
188        </receiver>
189
190        <service
190-->[androidx.room:room-runtime:2.4.0-alpha03] AndroidManifest.xml:25:9-28:40
191            android:name="androidx.room.MultiInstanceInvalidationService"
191-->[androidx.room:room-runtime:2.4.0-alpha03] AndroidManifest.xml:26:13-74
192            android:directBootAware="true"
192-->[androidx.room:room-runtime:2.4.0-alpha03] AndroidManifest.xml:27:13-43
193            android:exported="false" />
193-->[androidx.room:room-runtime:2.4.0-alpha03] AndroidManifest.xml:28:13-37
194
195        <activity
195-->[com.google.android.gms:play-services-base:17.5.0] AndroidManifest.xml:23:9-26:75
196            android:name="com.google.android.gms.common.api.GoogleApiActivity"
196-->[com.google.android.gms:play-services-base:17.5.0] AndroidManifest.xml:24:13-79
197            android:exported="false"
197-->[com.google.android.gms:play-services-base:17.5.0] AndroidManifest.xml:25:13-37
198            android:theme="@android:style/Theme.Translucent.NoTitleBar" />
198-->[com.google.android.gms:play-services-base:17.5.0] AndroidManifest.xml:26:13-72
199
200        <meta-data
200-->[com.google.android.gms:play-services-basement:17.6.0] AndroidManifest.xml:23:9-25:69
201            android:name="com.google.android.gms.version"
201-->[com.google.android.gms:play-services-basement:17.6.0] AndroidManifest.xml:24:13-58
202            android:value="@integer/google_play_services_version" />
202-->[com.google.android.gms:play-services-basement:17.6.0] AndroidManifest.xml:25:13-66
203
204        <provider
204-->[androidx.lifecycle:lifecycle-process:2.0.0] AndroidManifest.xml:23:9-27:43
205            android:name="androidx.lifecycle.ProcessLifecycleOwnerInitializer"
205-->[androidx.lifecycle:lifecycle-process:2.0.0] AndroidManifest.xml:24:13-79
206            android:authorities="com.goldcompany.apps.koreabike.lifecycle-process"
206-->[androidx.lifecycle:lifecycle-process:2.0.0] AndroidManifest.xml:25:13-69
207            android:exported="false"
207-->[androidx.lifecycle:lifecycle-process:2.0.0] AndroidManifest.xml:26:13-37
208            android:multiprocess="true" />
208-->[androidx.lifecycle:lifecycle-process:2.0.0] AndroidManifest.xml:27:13-40
209    </application>
210
211</manifest>